<?xml version="1.0" ?>
<!DOCTYPE coverage SYSTEM "http://cobertura.sourceforge.net/xml/coverage-04.dtd">
<coverage lines-valid="55"  lines-covered="51"  line-rate="0.9273"  branches-valid="24"  branches-covered="20"  branch-rate="0.8332999999999999"  timestamp="1392890830474" complexity="0" version="0.1">
<sources>
	<source>/Users/d433203/Documents/projekte/node-unique-shortener</source>
</sources>
<packages>
	<package name="lib"  line-rate="0.9273"  branch-rate="0.8332999999999999" >
	<classes>
		<class name="unique-shortener.js"  filename="lib/unique-shortener.js"  line-rate="0.9273"  branch-rate="0.8332999999999999" >
		<methods>
			<method name="(anonymous_1)"  hits="1"  signature="()V" >
				<lines><line number="9"  hits="1" /></lines>
			</method>
			<method name="UniqueShortener"  hits="7"  signature="()V" >
				<lines><line number="25"  hits="7" /></lines>
			</method>
			<method name="(anonymous_3)"  hits="6"  signature="()V" >
				<lines><line number="41"  hits="6" /></lines>
			</method>
			<method name="(anonymous_4)"  hits="106"  signature="()V" >
				<lines><line number="49"  hits="106" /></lines>
			</method>
			<method name="(anonymous_5)"  hits="105"  signature="()V" >
				<lines><line number="56"  hits="105" /></lines>
			</method>
			<method name="(anonymous_6)"  hits="104"  signature="()V" >
				<lines><line number="63"  hits="104" /></lines>
			</method>
			<method name="(anonymous_7)"  hits="104"  signature="()V" >
				<lines><line number="67"  hits="104" /></lines>
			</method>
			<method name="(anonymous_8)"  hits="205"  signature="()V" >
				<lines><line number="80"  hits="205" /></lines>
			</method>
			<method name="(anonymous_9)"  hits="205"  signature="()V" >
				<lines><line number="83"  hits="205" /></lines>
			</method>
			<method name="(anonymous_10)"  hits="310"  signature="()V" >
				<lines><line number="94"  hits="310" /></lines>
			</method>
			<method name="(anonymous_11)"  hits="310"  signature="()V" >
				<lines><line number="96"  hits="310" /></lines>
			</method>
			<method name="(anonymous_12)"  hits="310"  signature="()V" >
				<lines><line number="100"  hits="310" /></lines>
			</method>
			<method name="(anonymous_13)"  hits="102"  signature="()V" >
				<lines><line number="104"  hits="102" /></lines>
			</method>
			<method name="(anonymous_14)"  hits="104"  signature="()V" >
				<lines><line number="112"  hits="104" /></lines>
			</method>
			<method name="(anonymous_15)"  hits="104"  signature="()V" >
				<lines><line number="113"  hits="104" /></lines>
			</method>
			<method name="(anonymous_16)"  hits="104"  signature="()V" >
				<lines><line number="118"  hits="104" /></lines>
			</method>
			<method name="(anonymous_17)"  hits="104"  signature="()V" >
				<lines><line number="123"  hits="104" /></lines>
			</method>
		</methods>
		<lines>
			<line number="1"  hits="1"  branch="false" />
			<line number="3"  hits="1"  branch="false" />
			<line number="5"  hits="1"  branch="false" />
			<line number="7"  hits="1"  branch="false" />
			<line number="9"  hits="1"  branch="false" />
			<line number="10"  hits="1"  branch="false" />
			<line number="12"  hits="1"  branch="false" />
			<line number="25"  hits="1"  branch="false" />
			<line number="26"  hits="7"  branch="false" />
			<line number="27"  hits="7"  branch="false" />
			<line number="41"  hits="1"  branch="false" />
			<line number="42"  hits="6"  branch="false" />
			<line number="43"  hits="6"  branch="false" />
			<line number="44"  hits="6"  branch="false" />
			<line number="49"  hits="1"  branch="false" />
			<line number="50"  hits="106"  branch="false" />
			<line number="51"  hits="106"  branch="true"  condition-coverage="100% (4/4)" />
			<line number="52"  hits="1"  branch="false" />
			<line number="54"  hits="105"  branch="false" />
			<line number="57"  hits="105"  branch="true"  condition-coverage="100% (4/4)" />
			<line number="58"  hits="1"  branch="false" />
			<line number="63"  hits="104"  branch="false" />
			<line number="64"  hits="104"  branch="false" />
			<line number="68"  hits="104"  branch="true"  condition-coverage="50% (1/2)" />
			<line number="69"  hits="0"  branch="false" />
			<line number="71"  hits="104"  branch="false" />
			<line number="80"  hits="1"  branch="false" />
			<line number="81"  hits="205"  branch="false" />
			<line number="84"  hits="205"  branch="true"  condition-coverage="100% (2/2)" />
			<line number="85"  hits="104"  branch="false" />
			<line number="87"  hits="101"  branch="true"  condition-coverage="50% (1/2)" />
			<line number="88"  hits="0"  branch="false" />
			<line number="90"  hits="101"  branch="false" />
			<line number="94"  hits="1"  branch="false" />
			<line number="95"  hits="310"  branch="false" />
			<line number="96"  hits="310"  branch="false" />
			<line number="97"  hits="310"  branch="true"  condition-coverage="75% (3/4)" />
			<line number="98"  hits="0"  branch="false" />
			<line number="100"  hits="310"  branch="false" />
			<line number="101"  hits="310"  branch="true"  condition-coverage="100% (4/4)" />
			<line number="102"  hits="208"  branch="false" />
			<line number="104"  hits="102"  branch="false" />
			<line number="105"  hits="102"  branch="false" />
			<line number="112"  hits="1"  branch="false" />
			<line number="113"  hits="104"  branch="false" />
			<line number="114"  hits="104"  branch="false" />
			<line number="118"  hits="1"  branch="false" />
			<line number="119"  hits="104"  branch="false" />
			<line number="121"  hits="104"  branch="false" />
			<line number="122"  hits="104"  branch="false" />
			<line number="123"  hits="104"  branch="false" />
			<line number="124"  hits="104"  branch="true"  condition-coverage="50% (1/2)" />
			<line number="125"  hits="0"  branch="false" />
			<line number="127"  hits="104"  branch="false" />
			<line number="132"  hits="1"  branch="false" />
		</lines>
		</class>
	</classes>
	</package>
</packages>
</coverage>
