<?xml version="1.0" ?>
<!DOCTYPE coverage SYSTEM "http://cobertura.sourceforge.net/xml/coverage-04.dtd">
<coverage lines-valid="57"  lines-covered="51"  line-rate="0.8946999999999999"  branches-valid="26"  branches-covered="20"  branch-rate="0.7692"  timestamp="1392909485947" complexity="0" version="0.1">
<sources>
	<source>/Users/d433203/Documents/projekte/node-unique-shortener</source>
</sources>
<packages>
	<package name="lib"  line-rate="0.8946999999999999"  branch-rate="0.7692" >
	<classes>
		<class name="unique-shortener.js"  filename="lib/unique-shortener.js"  line-rate="0.8946999999999999"  branch-rate="0.7692" >
		<methods>
			<method name="(anonymous_1)"  hits="1"  signature="()V" >
				<lines><line number="9"  hits="1" /></lines>
			</method>
			<method name="UniqueShortener"  hits="7"  signature="()V" >
				<lines><line number="25"  hits="7" /></lines>
			</method>
			<method name="(anonymous_3)"  hits="6"  signature="()V" >
				<lines><line number="41"  hits="6" /></lines>
			</method>
			<method name="(anonymous_4)"  hits="0"  signature="()V" >
				<lines><line number="46"  hits="0" /></lines>
			</method>
			<method name="(anonymous_5)"  hits="106"  signature="()V" >
				<lines><line number="53"  hits="106" /></lines>
			</method>
			<method name="(anonymous_6)"  hits="105"  signature="()V" >
				<lines><line number="60"  hits="105" /></lines>
			</method>
			<method name="(anonymous_7)"  hits="104"  signature="()V" >
				<lines><line number="67"  hits="104" /></lines>
			</method>
			<method name="(anonymous_8)"  hits="104"  signature="()V" >
				<lines><line number="71"  hits="104" /></lines>
			</method>
			<method name="(anonymous_9)"  hits="205"  signature="()V" >
				<lines><line number="84"  hits="205" /></lines>
			</method>
			<method name="(anonymous_10)"  hits="205"  signature="()V" >
				<lines><line number="87"  hits="205" /></lines>
			</method>
			<method name="(anonymous_11)"  hits="310"  signature="()V" >
				<lines><line number="98"  hits="310" /></lines>
			</method>
			<method name="(anonymous_12)"  hits="310"  signature="()V" >
				<lines><line number="100"  hits="310" /></lines>
			</method>
			<method name="(anonymous_13)"  hits="310"  signature="()V" >
				<lines><line number="104"  hits="310" /></lines>
			</method>
			<method name="(anonymous_14)"  hits="102"  signature="()V" >
				<lines><line number="108"  hits="102" /></lines>
			</method>
			<method name="(anonymous_15)"  hits="104"  signature="()V" >
				<lines><line number="116"  hits="104" /></lines>
			</method>
			<method name="(anonymous_16)"  hits="104"  signature="()V" >
				<lines><line number="117"  hits="104" /></lines>
			</method>
			<method name="(anonymous_17)"  hits="104"  signature="()V" >
				<lines><line number="122"  hits="104" /></lines>
			</method>
			<method name="(anonymous_18)"  hits="104"  signature="()V" >
				<lines><line number="127"  hits="104" /></lines>
			</method>
		</methods>
		<lines>
			<line number="1"  hits="1"  branch="false" />
			<line number="3"  hits="1"  branch="false" />
			<line number="5"  hits="1"  branch="false" />
			<line number="7"  hits="1"  branch="false" />
			<line number="9"  hits="1"  branch="false" />
			<line number="10"  hits="1"  branch="false" />
			<line number="12"  hits="1"  branch="false" />
			<line number="25"  hits="1"  branch="false" />
			<line number="26"  hits="7"  branch="false" />
			<line number="27"  hits="7"  branch="false" />
			<line number="41"  hits="1"  branch="false" />
			<line number="42"  hits="6"  branch="false" />
			<line number="43"  hits="6"  branch="false" />
			<line number="44"  hits="6"  branch="false" />
			<line number="47"  hits="0"  branch="true"  condition-coverage="0% (0/2)" />
			<line number="48"  hits="0"  branch="false" />
			<line number="53"  hits="1"  branch="false" />
			<line number="54"  hits="106"  branch="false" />
			<line number="55"  hits="106"  branch="true"  condition-coverage="100% (4/4)" />
			<line number="56"  hits="1"  branch="false" />
			<line number="58"  hits="105"  branch="false" />
			<line number="61"  hits="105"  branch="true"  condition-coverage="100% (4/4)" />
			<line number="62"  hits="1"  branch="false" />
			<line number="67"  hits="104"  branch="false" />
			<line number="68"  hits="104"  branch="false" />
			<line number="72"  hits="104"  branch="true"  condition-coverage="50% (1/2)" />
			<line number="73"  hits="0"  branch="false" />
			<line number="75"  hits="104"  branch="false" />
			<line number="84"  hits="1"  branch="false" />
			<line number="85"  hits="205"  branch="false" />
			<line number="88"  hits="205"  branch="true"  condition-coverage="100% (2/2)" />
			<line number="89"  hits="104"  branch="false" />
			<line number="91"  hits="101"  branch="true"  condition-coverage="50% (1/2)" />
			<line number="92"  hits="0"  branch="false" />
			<line number="94"  hits="101"  branch="false" />
			<line number="98"  hits="1"  branch="false" />
			<line number="99"  hits="310"  branch="false" />
			<line number="100"  hits="310"  branch="false" />
			<line number="101"  hits="310"  branch="true"  condition-coverage="75% (3/4)" />
			<line number="102"  hits="0"  branch="false" />
			<line number="104"  hits="310"  branch="false" />
			<line number="105"  hits="310"  branch="true"  condition-coverage="100% (4/4)" />
			<line number="106"  hits="208"  branch="false" />
			<line number="108"  hits="102"  branch="false" />
			<line number="109"  hits="102"  branch="false" />
			<line number="116"  hits="1"  branch="false" />
			<line number="117"  hits="104"  branch="false" />
			<line number="118"  hits="104"  branch="false" />
			<line number="122"  hits="1"  branch="false" />
			<line number="123"  hits="104"  branch="false" />
			<line number="125"  hits="104"  branch="false" />
			<line number="126"  hits="104"  branch="false" />
			<line number="127"  hits="104"  branch="false" />
			<line number="128"  hits="104"  branch="true"  condition-coverage="50% (1/2)" />
			<line number="129"  hits="0"  branch="false" />
			<line number="131"  hits="104"  branch="false" />
			<line number="136"  hits="1"  branch="false" />
		</lines>
		</class>
	</classes>
	</package>
</packages>
</coverage>
