{"lib/unique-shortener.js":{"path":"lib/unique-shortener.js","s":{"1":1,"2":1,"3":1,"4":1,"5":1,"6":1,"7":1,"8":1,"9":7,"10":7,"11":1,"12":6,"13":6,"14":6,"15":1,"16":106,"17":106,"18":1,"19":105,"20":105,"21":1,"22":104,"23":104,"24":104,"25":0,"26":104,"27":1,"28":205,"29":205,"30":104,"31":101,"32":0,"33":101,"34":1,"35":310,"36":310,"37":310,"38":0,"39":310,"40":310,"41":208,"42":102,"43":102,"44":1,"45":104,"46":104,"47":1,"48":104,"49":104,"50":104,"51":104,"52":104,"53":0,"54":104,"55":1},"b":{"1":[1,105],"2":[106,105],"3":[1,104],"4":[105,1],"5":[0,104],"6":[104,101],"7":[0,101],"8":[0,310],"9":[310,310],"10":[208,102],"11":[310,102],"12":[0,104]},"f":{"1":1,"2":7,"3":6,"4":106,"5":105,"6":104,"7":104,"8":205,"9":205,"10":310,"11":310,"12":310,"13":102,"14":104,"15":104,"16":104,"17":104},"fnMap":{"1":{"name":"(anonymous_1)","line":9,"loc":{"start":{"line":9,"column":36},"end":{"line":9,"column":47}}},"2":{"name":"UniqueShortener","line":25,"loc":{"start":{"line":25,"column":2},"end":{"line":25,"column":35}}},"3":{"name":"(anonymous_3)","line":41,"loc":{"start":{"line":41,"column":35},"end":{"line":41,"column":58}}},"4":{"name":"(anonymous_4)","line":49,"loc":{"start":{"line":49,"column":38},"end":{"line":49,"column":56}}},"5":{"name":"(anonymous_5)","line":56,"loc":{"start":{"line":56,"column":7},"end":{"line":56,"column":29}}},"6":{"name":"(anonymous_6)","line":63,"loc":{"start":{"line":63,"column":43},"end":{"line":63,"column":57}}},"7":{"name":"(anonymous_7)","line":67,"loc":{"start":{"line":67,"column":11},"end":{"line":67,"column":33}}},"8":{"name":"(anonymous_8)","line":80,"loc":{"start":{"line":80,"column":38},"end":{"line":80,"column":56}}},"9":{"name":"(anonymous_9)","line":83,"loc":{"start":{"line":83,"column":7},"end":{"line":83,"column":29}}},"10":{"name":"(anonymous_10)","line":94,"loc":{"start":{"line":94,"column":39},"end":{"line":94,"column":55}}},"11":{"name":"(anonymous_11)","line":96,"loc":{"start":{"line":96,"column":45},"end":{"line":96,"column":67}}},"12":{"name":"(anonymous_12)","line":100,"loc":{"start":{"line":100,"column":59},"end":{"line":100,"column":81}}},"13":{"name":"(anonymous_13)","line":104,"loc":{"start":{"line":104,"column":76},"end":{"line":104,"column":90}}},"14":{"name":"(anonymous_14)","line":112,"loc":{"start":{"line":112,"column":38},"end":{"line":112,"column":54}}},"15":{"name":"(anonymous_15)","line":113,"loc":{"start":{"line":113,"column":51},"end":{"line":113,"column":73}}},"16":{"name":"(anonymous_16)","line":118,"loc":{"start":{"line":118,"column":46},"end":{"line":118,"column":69}}},"17":{"name":"(anonymous_17)","line":123,"loc":{"start":{"line":123,"column":29},"end":{"line":123,"column":43}}}},"statementMap":{"1":{"start":{"line":1,"column":0},"end":{"line":1,"column":41}},"2":{"start":{"line":3,"column":0},"end":{"line":3,"column":22}},"3":{"start":{"line":5,"column":0},"end":{"line":5,"column":27}},"4":{"start":{"line":7,"column":0},"end":{"line":7,"column":31}},"5":{"start":{"line":9,"column":0},"end":{"line":134,"column":5}},"6":{"start":{"line":10,"column":2},"end":{"line":10,"column":16}},"7":{"start":{"line":12,"column":2},"end":{"line":12,"column":106}},"8":{"start":{"line":25,"column":2},"end":{"line":31,"column":3}},"9":{"start":{"line":26,"column":4},"end":{"line":26,"column":25}},"10":{"start":{"line":27,"column":4},"end":{"line":30,"column":20}},"11":{"start":{"line":41,"column":2},"end":{"line":47,"column":4}},"12":{"start":{"line":42,"column":4},"end":{"line":42,"column":23}},"13":{"start":{"line":43,"column":4},"end":{"line":43,"column":23}},"14":{"start":{"line":44,"column":4},"end":{"line":46,"column":7}},"15":{"start":{"line":49,"column":2},"end":{"line":78,"column":4}},"16":{"start":{"line":50,"column":4},"end":{"line":50,"column":21}},"17":{"start":{"line":51,"column":4},"end":{"line":53,"column":5}},"18":{"start":{"line":52,"column":6},"end":{"line":52,"column":41}},"19":{"start":{"line":54,"column":4},"end":{"line":77,"column":7}},"20":{"start":{"line":57,"column":6},"end":{"line":62,"column":7}},"21":{"start":{"line":58,"column":8},"end":{"line":61,"column":11}},"22":{"start":{"line":63,"column":6},"end":{"line":76,"column":9}},"23":{"start":{"line":64,"column":8},"end":{"line":75,"column":11}},"24":{"start":{"line":68,"column":10},"end":{"line":70,"column":11}},"25":{"start":{"line":69,"column":12},"end":{"line":69,"column":27}},"26":{"start":{"line":71,"column":10},"end":{"line":74,"column":13}},"27":{"start":{"line":80,"column":2},"end":{"line":92,"column":4}},"28":{"start":{"line":81,"column":4},"end":{"line":91,"column":7}},"29":{"start":{"line":84,"column":6},"end":{"line":86,"column":7}},"30":{"start":{"line":85,"column":8},"end":{"line":85,"column":23}},"31":{"start":{"line":87,"column":6},"end":{"line":89,"column":7}},"32":{"start":{"line":88,"column":8},"end":{"line":88,"column":41}},"33":{"start":{"line":90,"column":6},"end":{"line":90,"column":34}},"34":{"start":{"line":94,"column":2},"end":{"line":110,"column":4}},"35":{"start":{"line":95,"column":4},"end":{"line":95,"column":21}},"36":{"start":{"line":96,"column":4},"end":{"line":109,"column":7}},"37":{"start":{"line":97,"column":6},"end":{"line":99,"column":7}},"38":{"start":{"line":98,"column":8},"end":{"line":98,"column":44}},"39":{"start":{"line":100,"column":6},"end":{"line":108,"column":9}},"40":{"start":{"line":101,"column":8},"end":{"line":107,"column":9}},"41":{"start":{"line":102,"column":10},"end":{"line":102,"column":33}},"42":{"start":{"line":104,"column":10},"end":{"line":106,"column":13}},"43":{"start":{"line":105,"column":12},"end":{"line":105,"column":36}},"44":{"start":{"line":112,"column":2},"end":{"line":116,"column":4}},"45":{"start":{"line":113,"column":4},"end":{"line":115,"column":7}},"46":{"start":{"line":114,"column":6},"end":{"line":114,"column":29}},"47":{"start":{"line":118,"column":2},"end":{"line":130,"column":4}},"48":{"start":{"line":119,"column":4},"end":{"line":120,"column":19}},"49":{"start":{"line":121,"column":4},"end":{"line":121,"column":38}},"50":{"start":{"line":122,"column":4},"end":{"line":122,"column":30}},"51":{"start":{"line":123,"column":4},"end":{"line":129,"column":7}},"52":{"start":{"line":124,"column":6},"end":{"line":128,"column":7}},"53":{"start":{"line":125,"column":8},"end":{"line":125,"column":80}},"54":{"start":{"line":127,"column":8},"end":{"line":127,"column":23}},"55":{"start":{"line":132,"column":2},"end":{"line":132,"column":25}}},"branchMap":{"1":{"line":51,"type":"if","locations":[{"start":{"line":51,"column":4},"end":{"line":51,"column":4}},{"start":{"line":51,"column":4},"end":{"line":51,"column":4}}]},"2":{"line":51,"type":"binary-expr","locations":[{"start":{"line":51,"column":8},"end":{"line":51,"column":30}},{"start":{"line":51,"column":34},"end":{"line":51,"column":54}}]},"3":{"line":57,"type":"if","locations":[{"start":{"line":57,"column":6},"end":{"line":57,"column":6}},{"start":{"line":57,"column":6},"end":{"line":57,"column":6}}]},"4":{"line":57,"type":"binary-expr","locations":[{"start":{"line":57,"column":11},"end":{"line":57,"column":22}},{"start":{"line":57,"column":28},"end":{"line":57,"column":42}}]},"5":{"line":68,"type":"if","locations":[{"start":{"line":68,"column":10},"end":{"line":68,"column":10}},{"start":{"line":68,"column":10},"end":{"line":68,"column":10}}]},"6":{"line":84,"type":"if","locations":[{"start":{"line":84,"column":6},"end":{"line":84,"column":6}},{"start":{"line":84,"column":6},"end":{"line":84,"column":6}}]},"7":{"line":87,"type":"if","locations":[{"start":{"line":87,"column":6},"end":{"line":87,"column":6}},{"start":{"line":87,"column":6},"end":{"line":87,"column":6}}]},"8":{"line":97,"type":"if","locations":[{"start":{"line":97,"column":6},"end":{"line":97,"column":6}},{"start":{"line":97,"column":6},"end":{"line":97,"column":6}}]},"9":{"line":97,"type":"binary-expr","locations":[{"start":{"line":97,"column":11},"end":{"line":97,"column":22}},{"start":{"line":97,"column":28},"end":{"line":97,"column":42}}]},"10":{"line":101,"type":"if","locations":[{"start":{"line":101,"column":8},"end":{"line":101,"column":8}},{"start":{"line":101,"column":8},"end":{"line":101,"column":8}}]},"11":{"line":101,"type":"binary-expr","locations":[{"start":{"line":101,"column":13},"end":{"line":101,"column":24}},{"start":{"line":101,"column":30},"end":{"line":101,"column":44}}]},"12":{"line":124,"type":"if","locations":[{"start":{"line":124,"column":6},"end":{"line":124,"column":6}},{"start":{"line":124,"column":6},"end":{"line":124,"column":6}}]}}}}