{"lib/unique-shortener.js":{"path":"lib/unique-shortener.js","s":{"1":1,"2":1,"3":1,"4":1,"5":1,"6":1,"7":1,"8":1,"9":7,"10":7,"11":1,"12":6,"13":6,"14":6,"15":0,"16":0,"17":1,"18":106,"19":106,"20":1,"21":105,"22":105,"23":1,"24":104,"25":104,"26":104,"27":0,"28":104,"29":1,"30":205,"31":205,"32":104,"33":101,"34":0,"35":101,"36":1,"37":310,"38":310,"39":310,"40":0,"41":310,"42":310,"43":208,"44":102,"45":102,"46":1,"47":104,"48":104,"49":1,"50":104,"51":104,"52":104,"53":104,"54":104,"55":0,"56":104,"57":1},"b":{"1":[0,0],"2":[1,105],"3":[106,105],"4":[1,104],"5":[105,1],"6":[0,104],"7":[104,101],"8":[0,101],"9":[0,310],"10":[310,310],"11":[208,102],"12":[310,102],"13":[0,104]},"f":{"1":1,"2":7,"3":6,"4":0,"5":106,"6":105,"7":104,"8":104,"9":205,"10":205,"11":310,"12":310,"13":310,"14":102,"15":104,"16":104,"17":104,"18":104},"fnMap":{"1":{"name":"(anonymous_1)","line":9,"loc":{"start":{"line":9,"column":36},"end":{"line":9,"column":47}}},"2":{"name":"UniqueShortener","line":25,"loc":{"start":{"line":25,"column":2},"end":{"line":25,"column":35}}},"3":{"name":"(anonymous_3)","line":41,"loc":{"start":{"line":41,"column":35},"end":{"line":41,"column":58}}},"4":{"name":"(anonymous_4)","line":46,"loc":{"start":{"line":46,"column":11},"end":{"line":46,"column":33}}},"5":{"name":"(anonymous_5)","line":53,"loc":{"start":{"line":53,"column":38},"end":{"line":53,"column":56}}},"6":{"name":"(anonymous_6)","line":60,"loc":{"start":{"line":60,"column":7},"end":{"line":60,"column":29}}},"7":{"name":"(anonymous_7)","line":67,"loc":{"start":{"line":67,"column":43},"end":{"line":67,"column":57}}},"8":{"name":"(anonymous_8)","line":71,"loc":{"start":{"line":71,"column":11},"end":{"line":71,"column":33}}},"9":{"name":"(anonymous_9)","line":84,"loc":{"start":{"line":84,"column":38},"end":{"line":84,"column":56}}},"10":{"name":"(anonymous_10)","line":87,"loc":{"start":{"line":87,"column":7},"end":{"line":87,"column":29}}},"11":{"name":"(anonymous_11)","line":98,"loc":{"start":{"line":98,"column":39},"end":{"line":98,"column":55}}},"12":{"name":"(anonymous_12)","line":100,"loc":{"start":{"line":100,"column":45},"end":{"line":100,"column":67}}},"13":{"name":"(anonymous_13)","line":104,"loc":{"start":{"line":104,"column":59},"end":{"line":104,"column":81}}},"14":{"name":"(anonymous_14)","line":108,"loc":{"start":{"line":108,"column":76},"end":{"line":108,"column":90}}},"15":{"name":"(anonymous_15)","line":116,"loc":{"start":{"line":116,"column":38},"end":{"line":116,"column":54}}},"16":{"name":"(anonymous_16)","line":117,"loc":{"start":{"line":117,"column":51},"end":{"line":117,"column":73}}},"17":{"name":"(anonymous_17)","line":122,"loc":{"start":{"line":122,"column":46},"end":{"line":122,"column":69}}},"18":{"name":"(anonymous_18)","line":127,"loc":{"start":{"line":127,"column":29},"end":{"line":127,"column":43}}}},"statementMap":{"1":{"start":{"line":1,"column":0},"end":{"line":1,"column":41}},"2":{"start":{"line":3,"column":0},"end":{"line":3,"column":22}},"3":{"start":{"line":5,"column":0},"end":{"line":5,"column":27}},"4":{"start":{"line":7,"column":0},"end":{"line":7,"column":31}},"5":{"start":{"line":9,"column":0},"end":{"line":138,"column":5}},"6":{"start":{"line":10,"column":2},"end":{"line":10,"column":16}},"7":{"start":{"line":12,"column":2},"end":{"line":12,"column":106}},"8":{"start":{"line":25,"column":2},"end":{"line":31,"column":3}},"9":{"start":{"line":26,"column":4},"end":{"line":26,"column":25}},"10":{"start":{"line":27,"column":4},"end":{"line":30,"column":20}},"11":{"start":{"line":41,"column":2},"end":{"line":51,"column":4}},"12":{"start":{"line":42,"column":4},"end":{"line":42,"column":23}},"13":{"start":{"line":43,"column":4},"end":{"line":43,"column":23}},"14":{"start":{"line":44,"column":4},"end":{"line":50,"column":7}},"15":{"start":{"line":47,"column":6},"end":{"line":49,"column":7}},"16":{"start":{"line":48,"column":8},"end":{"line":48,"column":34}},"17":{"start":{"line":53,"column":2},"end":{"line":82,"column":4}},"18":{"start":{"line":54,"column":4},"end":{"line":54,"column":21}},"19":{"start":{"line":55,"column":4},"end":{"line":57,"column":5}},"20":{"start":{"line":56,"column":6},"end":{"line":56,"column":41}},"21":{"start":{"line":58,"column":4},"end":{"line":81,"column":7}},"22":{"start":{"line":61,"column":6},"end":{"line":66,"column":7}},"23":{"start":{"line":62,"column":8},"end":{"line":65,"column":11}},"24":{"start":{"line":67,"column":6},"end":{"line":80,"column":9}},"25":{"start":{"line":68,"column":8},"end":{"line":79,"column":11}},"26":{"start":{"line":72,"column":10},"end":{"line":74,"column":11}},"27":{"start":{"line":73,"column":12},"end":{"line":73,"column":27}},"28":{"start":{"line":75,"column":10},"end":{"line":78,"column":13}},"29":{"start":{"line":84,"column":2},"end":{"line":96,"column":4}},"30":{"start":{"line":85,"column":4},"end":{"line":95,"column":7}},"31":{"start":{"line":88,"column":6},"end":{"line":90,"column":7}},"32":{"start":{"line":89,"column":8},"end":{"line":89,"column":23}},"33":{"start":{"line":91,"column":6},"end":{"line":93,"column":7}},"34":{"start":{"line":92,"column":8},"end":{"line":92,"column":41}},"35":{"start":{"line":94,"column":6},"end":{"line":94,"column":34}},"36":{"start":{"line":98,"column":2},"end":{"line":114,"column":4}},"37":{"start":{"line":99,"column":4},"end":{"line":99,"column":21}},"38":{"start":{"line":100,"column":4},"end":{"line":113,"column":7}},"39":{"start":{"line":101,"column":6},"end":{"line":103,"column":7}},"40":{"start":{"line":102,"column":8},"end":{"line":102,"column":44}},"41":{"start":{"line":104,"column":6},"end":{"line":112,"column":9}},"42":{"start":{"line":105,"column":8},"end":{"line":111,"column":9}},"43":{"start":{"line":106,"column":10},"end":{"line":106,"column":33}},"44":{"start":{"line":108,"column":10},"end":{"line":110,"column":13}},"45":{"start":{"line":109,"column":12},"end":{"line":109,"column":36}},"46":{"start":{"line":116,"column":2},"end":{"line":120,"column":4}},"47":{"start":{"line":117,"column":4},"end":{"line":119,"column":7}},"48":{"start":{"line":118,"column":6},"end":{"line":118,"column":29}},"49":{"start":{"line":122,"column":2},"end":{"line":134,"column":4}},"50":{"start":{"line":123,"column":4},"end":{"line":124,"column":19}},"51":{"start":{"line":125,"column":4},"end":{"line":125,"column":38}},"52":{"start":{"line":126,"column":4},"end":{"line":126,"column":30}},"53":{"start":{"line":127,"column":4},"end":{"line":133,"column":7}},"54":{"start":{"line":128,"column":6},"end":{"line":132,"column":7}},"55":{"start":{"line":129,"column":8},"end":{"line":129,"column":80}},"56":{"start":{"line":131,"column":8},"end":{"line":131,"column":23}},"57":{"start":{"line":136,"column":2},"end":{"line":136,"column":25}}},"branchMap":{"1":{"line":47,"type":"if","locations":[{"start":{"line":47,"column":6},"end":{"line":47,"column":6}},{"start":{"line":47,"column":6},"end":{"line":47,"column":6}}]},"2":{"line":55,"type":"if","locations":[{"start":{"line":55,"column":4},"end":{"line":55,"column":4}},{"start":{"line":55,"column":4},"end":{"line":55,"column":4}}]},"3":{"line":55,"type":"binary-expr","locations":[{"start":{"line":55,"column":8},"end":{"line":55,"column":30}},{"start":{"line":55,"column":34},"end":{"line":55,"column":54}}]},"4":{"line":61,"type":"if","locations":[{"start":{"line":61,"column":6},"end":{"line":61,"column":6}},{"start":{"line":61,"column":6},"end":{"line":61,"column":6}}]},"5":{"line":61,"type":"binary-expr","locations":[{"start":{"line":61,"column":11},"end":{"line":61,"column":22}},{"start":{"line":61,"column":28},"end":{"line":61,"column":42}}]},"6":{"line":72,"type":"if","locations":[{"start":{"line":72,"column":10},"end":{"line":72,"column":10}},{"start":{"line":72,"column":10},"end":{"line":72,"column":10}}]},"7":{"line":88,"type":"if","locations":[{"start":{"line":88,"column":6},"end":{"line":88,"column":6}},{"start":{"line":88,"column":6},"end":{"line":88,"column":6}}]},"8":{"line":91,"type":"if","locations":[{"start":{"line":91,"column":6},"end":{"line":91,"column":6}},{"start":{"line":91,"column":6},"end":{"line":91,"column":6}}]},"9":{"line":101,"type":"if","locations":[{"start":{"line":101,"column":6},"end":{"line":101,"column":6}},{"start":{"line":101,"column":6},"end":{"line":101,"column":6}}]},"10":{"line":101,"type":"binary-expr","locations":[{"start":{"line":101,"column":11},"end":{"line":101,"column":22}},{"start":{"line":101,"column":28},"end":{"line":101,"column":42}}]},"11":{"line":105,"type":"if","locations":[{"start":{"line":105,"column":8},"end":{"line":105,"column":8}},{"start":{"line":105,"column":8},"end":{"line":105,"column":8}}]},"12":{"line":105,"type":"binary-expr","locations":[{"start":{"line":105,"column":13},"end":{"line":105,"column":24}},{"start":{"line":105,"column":30},"end":{"line":105,"column":44}}]},"13":{"line":128,"type":"if","locations":[{"start":{"line":128,"column":6},"end":{"line":128,"column":6}},{"start":{"line":128,"column":6},"end":{"line":128,"column":6}}]}}}}